[1530277997][2018/6/29 15:13:17][193891068939337728][Yannou][/help]
[1530278026][2018/6/29 15:13:46][193891068939337728][Yannou][/help]
[1530278032][2018/6/29 15:13:52][193891068939337728][Yannou][/moderate]
[1530278041][2018/6/29 15:14:1][193891068939337728][Yannou][/moderate test]
[1530278079][2018/6/29 15:14:39][193891068939337728][Yannou][/moderate]
[1530278083][2018/6/29 15:14:43][193891068939337728][Yannou][/moderate test]
[1530278120][2018/6/29 15:15:20][193891068939337728][Yannou][/moderate test]
[1530278209][2018/6/29 15:16:49][193891068939337728][Yannou][/moderate test]
[1530279305][2018/6/29 15:35:5][193891068939337728][Yannou][/help]
[1530279311][2018/6/29 15:35:11][193891068939337728][Yannou][/moderate]
[1530279398][2018/6/29 15:36:38][193891068939337728][Yannou][/moderate test]
[1530279464][2018/6/29 15:37:44][193891068939337728][Yannou][/moderate]
[1530279470][2018/6/29 15:37:50][193891068939337728][Yannou][/moderate test]
[1530279503][2018/6/29 15:38:23][193891068939337728][Yannou][/moderate test]
[1530279737][2018/6/29 15:42:17][193891068939337728][Yannou][/moderate test]
[1530279742][2018/6/29 15:42:22][193891068939337728][Yannou][/moderate test]
[1530279913][2018/6/29 15:45:13][193891068939337728][Yannou][/moderate test]
[1530279972][2018/6/29 15:46:12][193891068939337728][Yannou][/moderate test]
[1530279999][2018/6/29 15:46:39][193891068939337728][Yannou][/moderate test]
[1530280039][2018/6/29 15:47:19][193891068939337728][Yannou][/moderate test]
[1530280122][2018/6/29 15:48:42][193891068939337728][Yannou][/moderate test]
[1530280223][2018/6/29 15:50:23][193891068939337728][Yannou][/moderate test]
[1530280246][2018/6/29 15:50:46][193891068939337728][Yannou][/moderate graou]
[1530280347][2018/6/29 15:52:27][193891068939337728][Yannou][/moderate test]
[1530280419][2018/6/29 15:53:39][193891068939337728][Yannou][/moderate graou]
[1530280448][2018/6/29 15:54:8][193891068939337728][Yannou][/moderate test]
[1530280510][2018/6/29 15:55:10][193891068939337728][Yannou][/moderate test]
[1530280535][2018/6/29 15:55:35][193891068939337728][Yannou][/moderate test]
[1530280573][2018/6/29 15:56:13][193891068939337728][Yannou][/moderate test]
[1530280625][2018/6/29 15:57:5][193891068939337728][Yannou][/moderate test]
[1530280634][2018/6/29 15:57:14][193891068939337728][Yannou][/moderategraou]
[1530280639][2018/6/29 15:57:19][193891068939337728][Yannou][/moderate graou]
[1530280711][2018/6/29 15:58:31][193891068939337728][Yannou][/moderate test]
[1530280741][2018/6/29 15:59:1][193891068939337728][Yannou][/moderate test]
[1530280859][2018/6/29 16:0:59][193891068939337728][Yannou][/moderate test]
[1530280873][2018/6/29 16:1:13][193891068939337728][Yannou][/moderate test]
[1530280882][2018/6/29 16:1:22][193891068939337728][Yannou][/moderate graou]
[1530280891][2018/6/29 16:1:31][193891068939337728][Yannou][/moderate test]
[1530281289][2018/6/29 16:8:9][193891068939337728][Yannou][/moderate test]
[1530281923][2018/6/29 16:18:43][193891068939337728][Yannou][/moderate test]
[1530281936][2018/6/29 16:18:56][193891068939337728][Yannou][/moderate graou]
[1530281943][2018/6/29 16:19:3][193891068939337728][Yannou][/moderate test]
[1530281953][2018/6/29 16:19:13][193891068939337728][Yannou][/moderate test]
[1530281995][2018/6/29 16:19:55][193891068939337728][Yannou][/gifs]
