[1516216012][2018/1/17 20:6:52][193891068939337728][Yannou][!ping]
[1516216014][2018/1/17 20:6:54][193891068939337728][Yannou][!pl]
[1516216135][2018/1/17 20:8:55][193891068939337728][Yannou][!ping]
[1516216137][2018/1/17 20:8:57][193891068939337728][Yannou][!pl]
[1516216338][2018/1/17 20:12:18][193891068939337728][Yannou][!sw]
[1516216409][2018/1/17 20:13:29][193891068939337728][Yannou][!pl]
[1516216590][2018/1/17 20:16:30][193891068939337728][Yannou][!ping]
[1516216592][2018/1/17 20:16:32][193891068939337728][Yannou][!pl]
[1516216659][2018/1/17 20:17:39][193891068939337728][Yannou][!pl]
[1516216695][2018/1/17 20:18:15][193891068939337728][Yannou][!pl]
[1516216771][2018/1/17 20:19:31][193891068939337728][Yannou][!pl]
[1516216801][2018/1/17 20:20:1][193891068939337728][Yannou][!sw]
[1516217099][2018/1/17 20:24:59][193891068939337728][Yannou][!pl]
[1516217760][2018/1/17 20:36:0][193891068939337728][Yannou][!pl]
[1516217815][2018/1/17 20:36:55][193891068939337728][Yannou][!pl]
[1516218328][2018/1/17 20:45:28][193891068939337728][Yannou][!pl]
[1516225202][2018/1/17 22:40:2][193891068939337728][Yannou][!pl]
[1516225224][2018/1/17 22:40:24][193891068939337728][Yannou][!pl]
[1516225270][2018/1/17 22:41:10][193891068939337728][Yannou][!pl]
[1516225279][2018/1/17 22:41:19][193891068939337728][Yannou][!pl]
[1516225289][2018/1/17 22:41:29][193891068939337728][Yannou][!pl]
[1516225376][2018/1/17 22:42:56][193891068939337728][Yannou][!pl]
[1516225389][2018/1/17 22:43:9][193891068939337728][Yannou][!pl]
[1516225446][2018/1/17 22:44:6][193891068939337728][Yannou][!pl]
[1516228949][2018/1/17 23:42:29][193891068939337728][Yannou][!pl]
[1516228961][2018/1/17 23:42:41][193891068939337728][Yannou][!pl]
[1516231741][2018/1/18 0:29:1][193891068939337728][Yannou][!pl]
[1516231764][2018/1/18 0:29:24][193891068939337728][Yannou][!pl]
[1516231772][2018/1/18 0:29:32][193891068939337728][Yannou][!pl]
[1516231782][2018/1/18 0:29:42][193891068939337728][Yannou][!ping]
[1516231784][2018/1/18 0:29:44][193891068939337728][Yannou][!pong]
[1516231787][2018/1/18 0:29:47][193891068939337728][Yannou][!pl]
[1516234324][2018/1/18 1:12:4][193891068939337728][Yannou][!pinng]
[1516234327][2018/1/18 1:12:7][193891068939337728][Yannou][!ping]
[1516234330][2018/1/18 1:12:10][193891068939337728][Yannou][!pl]
[1516234338][2018/1/18 1:12:18][193891068939337728][Yannou][!pl]
[1516234358][2018/1/18 1:12:38][193891068939337728][Yannou][!pl]
[1516243374][2018/1/18 3:42:54][193891068939337728][Yannou][!pl]
[1516287602][2018/1/18 16:0:2][193891068939337728][Yannou][!ping]
[1516287604][2018/1/18 16:0:4][193891068939337728][Yannou][!pl]
[1516287650][2018/1/18 16:0:50][193891068939337728][Yannou][!ping]
[1516287651][2018/1/18 16:0:51][193891068939337728][Yannou][!pl]
[1516287720][2018/1/18 16:2:0][193891068939337728][Yannou][!ping]
[1516287722][2018/1/18 16:2:2][193891068939337728][Yannou][!pl]
[1516287785][2018/1/18 16:3:5][193891068939337728][Yannou][!ping]
[1516287787][2018/1/18 16:3:7][193891068939337728][Yannou][!pl]
[1516287904][2018/1/18 16:5:4][193891068939337728][Yannou][!pl]
[1516288482][2018/1/18 16:14:42][178852553252012032][Zeross][!ping]
[1516288488][2018/1/18 16:14:48][178852553252012032][Zeross][!pl]
[1516288898][2018/1/18 16:21:38][193891068939337728][Yannou][!pl]
[1516288902][2018/1/18 16:21:42][193891068939337728][Yannou][!ping]
[1516288917][2018/1/18 16:21:57][193891068939337728][Yannou][!ping]
[1516288919][2018/1/18 16:21:59][193891068939337728][Yannou][!pl]
[1516288927][2018/1/18 16:22:7][193891068939337728][Yannou][!ping]
[1516288928][2018/1/18 16:22:8][193891068939337728][Yannou][!pl]
[1516288966][2018/1/18 16:22:46][193891068939337728][Yannou][!ping]
[1516288969][2018/1/18 16:22:49][193891068939337728][Yannou][!pl]
[1516289040][2018/1/18 16:24:0][193891068939337728][Yannou][!pl]
[1516289068][2018/1/18 16:24:28][193891068939337728][Yannou][!pl]
[1516289170][2018/1/18 16:26:10][193891068939337728][Yannou][!pl]
[1516289196][2018/1/18 16:26:36][193891068939337728][Yannou][!pl]
[1516289232][2018/1/18 16:27:12][193891068939337728][Yannou][!pl]
[1516289236][2018/1/18 16:27:16][193891068939337728][Yannou][!ping]
[1516289249][2018/1/18 16:27:29][193891068939337728][Yannou][!pl]
[1516289257][2018/1/18 16:27:37][193891068939337728][Yannou][!ping]
[1516289259][2018/1/18 16:27:39][193891068939337728][Yannou][!pl]
[1516290535][2018/1/18 16:48:55][193891068939337728][Yannou][!ping]
[1516290540][2018/1/18 16:49:0][193891068939337728][Yannou][!pong]
[1516290542][2018/1/18 16:49:2][193891068939337728][Yannou][!help]
[1516290552][2018/1/18 16:49:12][193891068939337728][Yannou][!prefix #]
[1516290557][2018/1/18 16:49:17][193891068939337728][Yannou][#help]
[1516290564][2018/1/18 16:49:24][193891068939337728][Yannou][#prefix !]
[1516290568][2018/1/18 16:49:28][193891068939337728][Yannou][!help]
[1516290574][2018/1/18 16:49:34][193891068939337728][Yannou][!pl]
[1516290909][2018/1/18 16:55:9][193891068939337728][Yannou][!rfwl <@178852553252012032>]
[1516290954][2018/1/18 16:55:54][193891068939337728][Yannou][!atwl <@178852553252012032>]
[1516291297][2018/1/18 17:1:37][193891068939337728][Yannou][!atwl <@178852553252012032>]
[1516291319][2018/1/18 17:1:59][193891068939337728][Yannou][!rfwl <@178852553252012032>]
[1516291334][2018/1/18 17:2:14][193891068939337728][Yannou][!rfwl <@178852553252012032>]
[1516291347][2018/1/18 17:2:27][193891068939337728][Yannou][!atwl <@178852553252012032>]
[1516291359][2018/1/18 17:2:39][193891068939337728][Yannou][!pl]
[1516291365][2018/1/18 17:2:45][193891068939337728][Yannou][!help]
[1516291492][2018/1/18 17:4:52][193891068939337728][Yannou][!atwl <@256912000414777345>]
[1516294104][2018/1/18 17:48:24][193891068939337728][Yannou][!pl]
[1516294121][2018/1/18 17:48:41][193891068939337728][Yannou][!sw]
[1516294175][2018/1/18 17:49:35][193891068939337728][Yannou][!ping]
[1516298695][2018/1/18 19:4:55][193891068939337728][Yannou][!pl]
[1516298705][2018/1/18 19:5:5][193891068939337728][Yannou][!sw]
[1516309418][2018/1/18 22:3:38][193891068939337728][Yannou][!pl]
[1516309425][2018/1/18 22:3:45][193891068939337728][Yannou][!ping]
[1516309428][2018/1/18 22:3:48][193891068939337728][Yannou][!pl]
[1516309457][2018/1/18 22:4:17][193891068939337728][Yannou][!pl]
[1516316710][2018/1/19 0:5:10][193891068939337728][Yannou][!pl]
[1516356855][2018/1/19 11:14:15][193891068939337728][Yannou][!pl]
[1516373366][2018/1/19 15:49:26][193891068939337728][Yannou][!ping]
[1516373368][2018/1/19 15:49:28][193891068939337728][Yannou][!pl]
[1516502018][2018/1/21 3:33:38][193891068939337728][Yannou][!pl]
[1516539506][2018/1/21 13:58:26][193891068939337728][Yannou][!pl]
[1516661431][2018/1/22 23:50:31][193891068939337728][Yannou][!pl]
[1516829673][2018/1/24 22:34:33][193891068939337728][Yannou][!pl]
[1516830344][2018/1/24 22:45:44][256912000414777345][zaist][!pl]
[1516830620][2018/1/24 22:50:20][193891068939337728][Yannou][!pl]
[1516830629][2018/1/24 22:50:29][193891068939337728][Yannou][!pl]
[1516830675][2018/1/24 22:51:15][193891068939337728][Yannou][!pl]
