[1517330193][2018/1/30 17:36:33][193891068939337728][Yannou][!ping]
[1517330839][2018/1/30 17:47:19][193891068939337728][Yannou][!ping]
[1517330841][2018/1/30 17:47:21][193891068939337728][Yannou][!wc]
[1517331661][2018/1/30 18:1:1][193891068939337728][Yannou][!ping]
[1517331666][2018/1/30 18:1:6][193891068939337728][Yannou][!wc]
[1517331673][2018/1/30 18:1:13][193891068939337728][Yannou][!wc http://example.com/]
[1517331746][2018/1/30 18:2:26][193891068939337728][Yannou][!ping]
[1517331754][2018/1/30 18:2:34][193891068939337728][Yannou][!wc http://example.com/]
[1517331883][2018/1/30 18:4:43][193891068939337728][Yannou][!ping]
[1517331885][2018/1/30 18:4:45][193891068939337728][Yannou][!wc]
[1517331892][2018/1/30 18:4:52][193891068939337728][Yannou][!wc http://example.com/]
[1517331898][2018/1/30 18:4:58][193891068939337728][Yannou][!wc http://example.com/]
[1517331900][2018/1/30 18:5:0][193891068939337728][Yannou][!ping]
[1517331945][2018/1/30 18:5:45][193891068939337728][Yannou][!ping]
[1517331947][2018/1/30 18:5:47][193891068939337728][Yannou][!wc]
[1517331952][2018/1/30 18:5:52][193891068939337728][Yannou][!wc http://example.com/]
[1517331982][2018/1/30 18:6:22][193891068939337728][Yannou][!ping]
[1517331987][2018/1/30 18:6:27][193891068939337728][Yannou][!wc http://example.com/]
[1517332094][2018/1/30 18:8:14][193891068939337728][Yannou][!wc]
[1517332099][2018/1/30 18:8:19][193891068939337728][Yannou][!wc http://example.com/]
[1517332928][2018/1/30 18:22:8][193891068939337728][Yannou][!wc http://example.com/]
[1517341221][2018/1/30 20:40:21][193891068939337728][Yannou][!ping]
[1517341227][2018/1/30 20:40:27][193891068939337728][Yannou][!wc https://wow.gameinfo.io/invasions]
[1517341288][2018/1/30 20:41:28][193891068939337728][Yannou][!wc google.com]
[1517341312][2018/1/30 20:41:52][193891068939337728][Yannou][!wc https://www.google.com]
[1517341322][2018/1/30 20:42:2][193891068939337728][Yannou][!wc http://example.com/]
[1517341333][2018/1/30 20:42:13][193891068939337728][Yannou][!wc pouicou.fr]
[1517341341][2018/1/30 20:42:21][193891068939337728][Yannou][!wc https://pouicou.fr]
[1517341382][2018/1/30 20:43:2][193891068939337728][Yannou][!wc https://raider.io/antorus-the-burning-throne/rankings/world/mythic]
[1517341445][2018/1/30 20:44:5][193891068939337728][Yannou][!wc http://www.larousse.fr/]
[1517341530][2018/1/30 20:45:30][193891068939337728][Yannou][!wc https://en.wikipedia.org/wiki/Test]
[1517341606][2018/1/30 20:46:46][193891068939337728][Yannou][!wc https://en.wikipedia.org/wiki/Test]
[1517341617][2018/1/30 20:46:57][193891068939337728][Yannou][!wc https://wow.gameinfo.io/invasions]
[1517341754][2018/1/30 20:49:14][193891068939337728][Yannou][!wc https://wow.gameinfo.io/invasions]
[1517341800][2018/1/30 20:50:0][193891068939337728][Yannou][!wc https://wow.gameinfo.io/invasions]
[1517341820][2018/1/30 20:50:20][193891068939337728][Yannou][!wc https://wow.gameinfo.io/invasions]
[1517341951][2018/1/30 20:52:31][193891068939337728][Yannou][!wc https://wow.gameinfo.io/invasions]
[1517341986][2018/1/30 20:53:6][193891068939337728][Yannou][!wc https://wow.gameinfo.io/invasions]
[1517342120][2018/1/30 20:55:20][193891068939337728][Yannou][!wc https://wow.gameinfo.io/invasions]
[1517342125][2018/1/30 20:55:25][193891068939337728][Yannou][!wc https://wow.gameinfo.io/invasions]
[1517342152][2018/1/30 20:55:52][193891068939337728][Yannou][!wc https://wow.gameinfo.io/invasions]
[1517405717][2018/1/31 14:35:17][193891068939337728][Yannou][!wc https://wow.gameinfo.io/invasions]
[1517405755][2018/1/31 14:35:55][193891068939337728][Yannou][!wc https://wow.gameinfo.io/invasions]
[1517405814][2018/1/31 14:36:54][193891068939337728][Yannou][!wc https://wow.gameinfo.io/invasions]
[1517405834][2018/1/31 14:37:14][193891068939337728][Yannou][!wc https://wow.gameinfo.io/invasions]
[1517405952][2018/1/31 14:39:12][193891068939337728][Yannou][!wc https://wow.gameinfo.io/invasions]
[1517406090][2018/1/31 14:41:30][193891068939337728][Yannou][!wc https://wow.gameinfo.io/invasions]
[1517406098][2018/1/31 14:41:38][193891068939337728][Yannou][!wc https://wow.gameinfo.io/invasions]
[1517406135][2018/1/31 14:42:15][193891068939337728][Yannou][!wc https://wow.gameinfo.io/invasions]
[1517406174][2018/1/31 14:42:54][193891068939337728][Yannou][!wc https://wow.gameinfo.io/invasions]
[1517406190][2018/1/31 14:43:10][193891068939337728][Yannou][!ping]
[1517406195][2018/1/31 14:43:15][193891068939337728][Yannou][!wc https://wow.gameinfo.io/invasions]
[1517406223][2018/1/31 14:43:43][193891068939337728][Yannou][!wc https://wow.gameinfo.io/invasions]
[1517406296][2018/1/31 14:44:56][193891068939337728][Yannou][!wc https://wow.gameinfo.io/invasions]
[1517406323][2018/1/31 14:45:23][193891068939337728][Yannou][!wc https://wow.gameinfo.io/invasions]
[1517406367][2018/1/31 14:46:7][193891068939337728][Yannou][!wc https://wow.gameinfo.io/invasions]
[1517406418][2018/1/31 14:46:58][193891068939337728][Yannou][!wc https://wow.gameinfo.io/invasions]
[1517406472][2018/1/31 14:47:52][193891068939337728][Yannou][!wc https://wow.gameinfo.io/invasions]
[1517406594][2018/1/31 14:49:54][193891068939337728][Yannou][!wc https://wow.gameinfo.io/invasions]
[1517406647][2018/1/31 14:50:47][193891068939337728][Yannou][!wc https://wow.gameinfo.io/invasions]
[1517406655][2018/1/31 14:50:55][193891068939337728][Yannou][!wc https://wow.gameinfo.io/invasions]
[1517407484][2018/1/31 15:4:44][193891068939337728][Yannou][!wc https://wow.gameinfo.io/invasions]
[1517407598][2018/1/31 15:6:38][193891068939337728][Yannou][!wc https://wow.gameinfo.io/invasions]
[1517407607][2018/1/31 15:6:47][193891068939337728][Yannou][!ping]
[1517407629][2018/1/31 15:7:9][193891068939337728][Yannou][!ping]
[1517407631][2018/1/31 15:7:11][193891068939337728][Yannou][!wc https://wow.gameinfo.io/invasions]
[1517407656][2018/1/31 15:7:36][193891068939337728][Yannou][!ping]
[1517407660][2018/1/31 15:7:40][193891068939337728][Yannou][!wc https://wow.gameinfo.io/invasions]
[1517407887][2018/1/31 15:11:27][193891068939337728][Yannou][!wc https://wow.gameinfo.io/invasions]
[1517408374][2018/1/31 15:19:34][193891068939337728][Yannou][!wc https://wow.gameinfo.io/invasions]
[1517408428][2018/1/31 15:20:28][193891068939337728][Yannou][!wc https://wow.gameinfo.io/invasions]
[1517408452][2018/1/31 15:20:52][193891068939337728][Yannou][!wc https://wow.gameinfo.io/invasions]
[1517408472][2018/1/31 15:21:12][193891068939337728][Yannou][!wc https://wow.gameinfo.io/invasions]
[1517408492][2018/1/31 15:21:32][193891068939337728][Yannou][!wc https://wow.gameinfo.io/invasions]
[1517408510][2018/1/31 15:21:50][193891068939337728][Yannou][!wc https://wow.gameinfo.io/invasions]
[1517408573][2018/1/31 15:22:53][193891068939337728][Yannou][!wc https://wow.gameinfo.io/invasions]
[1517408605][2018/1/31 15:23:25][193891068939337728][Yannou][!wc https://wow.gameinfo.io/invasions]
[1517408730][2018/1/31 15:25:30][193891068939337728][Yannou][!wc https://wow.gameinfo.io/invasions]
[1517408767][2018/1/31 15:26:7][193891068939337728][Yannou][!wc https://wow.gameinfo.io/invasions]
[1517408803][2018/1/31 15:26:43][193891068939337728][Yannou][!wc https://wow.gameinfo.io/invasions]
[1517408829][2018/1/31 15:27:9][193891068939337728][Yannou][!wc https://wow.gameinfo.io/invasions]
[1517408861][2018/1/31 15:27:41][193891068939337728][Yannou][!wc https://wow.gameinfo.io/invasions]
[1517408891][2018/1/31 15:28:11][193891068939337728][Yannou][!wc https://wow.gameinfo.io/invasions]
[1517408952][2018/1/31 15:29:12][193891068939337728][Yannou][!wc https://wow.gameinfo.io/invasions]
[1517408972][2018/1/31 15:29:32][193891068939337728][Yannou][!wc https://wow.gameinfo.io/invasions]
[1517409004][2018/1/31 15:30:4][193891068939337728][Yannou][!wc https://wow.gameinfo.io/invasions]
[1517409016][2018/1/31 15:30:16][193891068939337728][Yannou][!wc https://wow.gameinfo.io/invasions]
[1517409030][2018/1/31 15:30:30][193891068939337728][Yannou][!wc https://wow.gameinfo.io/invasions]
[1517409449][2018/1/31 15:37:29][193891068939337728][Yannou][!wc https://wow.gameinfo.io/invasions]
[1517409560][2018/1/31 15:39:20][193891068939337728][Yannou][!wc https://wow.gameinfo.io/invasions]
[1517409584][2018/1/31 15:39:44][193891068939337728][Yannou][!wc https://wow.gameinfo.io/invasions]
[1517409703][2018/1/31 15:41:43][193891068939337728][Yannou][!wc https://wow.gameinfo.io/invasions]
[1517409762][2018/1/31 15:42:42][193891068939337728][Yannou][!ping]
[1517409763][2018/1/31 15:42:43][193891068939337728][Yannou][!wc https://wow.gameinfo.io/invasions]
[1517409833][2018/1/31 15:43:53][193891068939337728][Yannou][!wc https://wow.gameinfo.io/invasions]
[1517410049][2018/1/31 15:47:29][193891068939337728][Yannou][!wc https://wow.gameinfo.io/invasions]
[1517410067][2018/1/31 15:47:47][193891068939337728][Yannou][!wc https://wow.gameinfo.io/invasions]
[1517410140][2018/1/31 15:49:0][193891068939337728][Yannou][!wc https://wow.gameinfo.io/invasions]
[1517410165][2018/1/31 15:49:25][193891068939337728][Yannou][!wc https://wow.gameinfo.io/invasions]
[1517410190][2018/1/31 15:49:50][193891068939337728][Yannou][!wc https://wow.gameinfo.io/invasions]
[1517410363][2018/1/31 15:52:43][193891068939337728][Yannou][!wc https://wow.gameinfo.io/invasions]
[1517410500][2018/1/31 15:55:0][193891068939337728][Yannou][!wc https://wow.gameinfo.io/invasions]
[1517410559][2018/1/31 15:55:59][193891068939337728][Yannou][!wc https://wow.gameinfo.io/invasions]
[1517410605][2018/1/31 15:56:45][193891068939337728][Yannou][!wc https://wow.gameinfo.io/invasions]
[1517410633][2018/1/31 15:57:13][193891068939337728][Yannou][!wc https://wow.gameinfo.io/invasions]
[1517410683][2018/1/31 15:58:3][193891068939337728][Yannou][!wc https://wow.gameinfo.io/invasions]
[1517411026][2018/1/31 16:3:46][193891068939337728][Yannou][!wc https://wow.gameinfo.io/invasions]
[1517411067][2018/1/31 16:4:27][193891068939337728][Yannou][!wc https://wow.gameinfo.io/invasions]
[1517411080][2018/1/31 16:4:40][193891068939337728][Yannou][!wc https://wow.gameinfo.io/invasions]
[1517411179][2018/1/31 16:6:19][193891068939337728][Yannou][!it]
[1517411206][2018/1/31 16:6:46][193891068939337728][Yannou][!help]
[1517411293][2018/1/31 16:8:13][193891068939337728][Yannou][!it]
[1517412940][2018/1/31 16:35:40][193891068939337728][Yannou][!it]
[1517417460][2018/1/31 17:51:0][193891068939337728][Yannou][!it]
[1517417669][2018/1/31 17:54:29][193891068939337728][Yannou][!it]
[1517417745][2018/1/31 17:55:45][193891068939337728][Yannou][!it]
[1517417834][2018/1/31 17:57:14][193891068939337728][Yannou][!it]
